0ef8 initialise_clink          109 ---- 2021/05/26 10:47:28.150 -------------------------------------------------
0ef8 initialise_clink          110 Host process is 'cmd.exe'
0ef8 initialise_clink          124 Windows version 10.0.19042 (x64)
0ef8 initialise_clink          127 Clink version 1.1.45.1c3985 (x64)
0ef8 hook_setter::hook_setter   36 >>> Started hook transaction.
0ef8 hook_iat                   53 Attempting to hook IAT for module 00007FF6F9820000
0ef8 hook_iat                   54 Target is (null),SetEnvironmentVariableW (by_name=1)
0ef8 pe_info::iterate_imports  154 Checking imports in 'msvcrt.dll'
0ef8 pe_info::iterate_imports  154 Checking imports in 'ntdll.dll'
0ef8 pe_info::iterate_imports  154 Checking imports in 'api-ms-win-core-kernel32-legacy-l1-1-0.dll'
0ef8 pe_info::iterate_imports  154 Checking imports in 'api-ms-win-core-libraryloader-l1-2-0.dll'
0ef8 pe_info::iterate_imports  154 Checking imports in 'api-ms-win-core-synch-l1-1-0.dll'
0ef8 pe_info::iterate_imports  154 Checking imports in 'api-ms-win-core-heap-l1-1-0.dll'
0ef8 pe_info::iterate_imports  154 Checking imports in 'api-ms-win-core-errorhandling-l1-1-0.dll'
0ef8 pe_info::iterate_imports  154 Checking imports in 'api-ms-win-core-processthreads-l1-1-0.dll'
0ef8 pe_info::iterate_imports  154 Checking imports in 'api-ms-win-core-localization-l1-2-0.dll'
0ef8 pe_info::iterate_imports  154 Checking imports in 'api-ms-win-core-debug-l1-1-0.dll'
0ef8 pe_info::iterate_imports  154 Checking imports in 'api-ms-win-core-handle-l1-1-0.dll'
0ef8 pe_info::iterate_imports  154 Checking imports in 'api-ms-win-core-memory-l1-1-0.dll'
0ef8 pe_info::iterate_imports  154 Checking imports in 'api-ms-win-core-console-l1-1-0.dll'
0ef8 pe_info::iterate_imports  154 Checking imports in 'api-ms-win-core-file-l1-1-0.dll'
0ef8 pe_info::iterate_imports  154 Checking imports in 'api-ms-win-core-string-l1-1-0.dll'
0ef8 pe_info::iterate_imports  154 Checking imports in 'api-ms-win-core-processenvironment-l1-1-0.dll'
0ef8 hook_iat                   81 Found import at 00007FF6F9853860 (value = 00007FFE199CBDE0)
0ef8 hook_iat                   53 Attempting to hook IAT for module 00007FFDD5B50000
0ef8 hook_iat                   54 Target is (null),SetEnvironmentVariableW (by_name=1)
0ef8 pe_info::iterate_imports  154 Checking imports in 'VERSION.dll'
0ef8 pe_info::iterate_imports  154 Checking imports in 'SHLWAPI.dll'
0ef8 pe_info::iterate_imports  154 Checking imports in 'RPCRT4.dll'
0ef8 pe_info::iterate_imports  154 Checking imports in 'dbghelp.dll'
0ef8 pe_info::iterate_imports  154 Checking imports in 'KERNEL32.dll'
0ef8 hook_iat                   81 Found import at 00007FFDD5C32208 (value = 00007FFE1AB209C0)
0ef8 hook_iat                   53 Attempting to hook IAT for module 00007FF6F9820000
0ef8 hook_iat                   54 Target is (null),WriteConsoleW (by_name=1)
0ef8 pe_info::iterate_imports  154 Checking imports in 'msvcrt.dll'
0ef8 pe_info::iterate_imports  154 Checking imports in 'ntdll.dll'
0ef8 pe_info::iterate_imports  154 Checking imports in 'api-ms-win-core-kernel32-legacy-l1-1-0.dll'
0ef8 pe_info::iterate_imports  154 Checking imports in 'api-ms-win-core-libraryloader-l1-2-0.dll'
0ef8 pe_info::iterate_imports  154 Checking imports in 'api-ms-win-core-synch-l1-1-0.dll'
0ef8 pe_info::iterate_imports  154 Checking imports in 'api-ms-win-core-heap-l1-1-0.dll'
0ef8 pe_info::iterate_imports  154 Checking imports in 'api-ms-win-core-errorhandling-l1-1-0.dll'
0ef8 pe_info::iterate_imports  154 Checking imports in 'api-ms-win-core-processthreads-l1-1-0.dll'
0ef8 pe_info::iterate_imports  154 Checking imports in 'api-ms-win-core-localization-l1-2-0.dll'
0ef8 pe_info::iterate_imports  154 Checking imports in 'api-ms-win-core-debug-l1-1-0.dll'
0ef8 pe_info::iterate_imports  154 Checking imports in 'api-ms-win-core-handle-l1-1-0.dll'
0ef8 pe_info::iterate_imports  154 Checking imports in 'api-ms-win-core-memory-l1-1-0.dll'
0ef8 pe_info::iterate_imports  154 Checking imports in 'api-ms-win-core-console-l1-1-0.dll'
0ef8 hook_iat                   81 Found import at 00007FF6F98534F8 (value = 00007FFE19971500)
0ef8 hook_iat                   53 Attempting to hook IAT for module 00007FFDD5B50000
0ef8 hook_iat                   54 Target is (null),WriteConsoleW (by_name=1)
0ef8 pe_info::iterate_imports  154 Checking imports in 'VERSION.dll'
0ef8 pe_info::iterate_imports  154 Checking imports in 'SHLWAPI.dll'
0ef8 pe_info::iterate_imports  154 Checking imports in 'RPCRT4.dll'
0ef8 pe_info::iterate_imports  154 Checking imports in 'dbghelp.dll'
0ef8 pe_info::iterate_imports  154 Checking imports in 'KERNEL32.dll'
0ef8 hook_iat                   81 Found import at 00007FFDD5C320E8 (value = 00007FFE1AB253C0)
0ef8 hook_iat                   53 Attempting to hook IAT for module 00007FF6F9820000
0ef8 hook_iat                   54 Target is (null),GetEnvironmentVariableW (by_name=1)
0ef8 pe_info::iterate_imports  154 Checking imports in 'msvcrt.dll'
0ef8 pe_info::iterate_imports  154 Checking imports in 'ntdll.dll'
0ef8 pe_info::iterate_imports  154 Checking imports in 'api-ms-win-core-kernel32-legacy-l1-1-0.dll'
0ef8 pe_info::iterate_imports  154 Checking imports in 'api-ms-win-core-libraryloader-l1-2-0.dll'
0ef8 pe_info::iterate_imports  154 Checking imports in 'api-ms-win-core-synch-l1-1-0.dll'
0ef8 pe_info::iterate_imports  154 Checking imports in 'api-ms-win-core-heap-l1-1-0.dll'
0ef8 pe_info::iterate_imports  154 Checking imports in 'api-ms-win-core-errorhandling-l1-1-0.dll'
0ef8 pe_info::iterate_imports  154 Checking imports in 'api-ms-win-core-processthreads-l1-1-0.dll'
0ef8 pe_info::iterate_imports  154 Checking imports in 'api-ms-win-core-localization-l1-2-0.dll'
0ef8 pe_info::iterate_imports  154 Checking imports in 'api-ms-win-core-debug-l1-1-0.dll'
0ef8 pe_info::iterate_imports  154 Checking imports in 'api-ms-win-core-handle-l1-1-0.dll'
0ef8 pe_info::iterate_imports  154 Checking imports in 'api-ms-win-core-memory-l1-1-0.dll'
0ef8 pe_info::iterate_imports  154 Checking imports in 'api-ms-win-core-console-l1-1-0.dll'
0ef8 pe_info::iterate_imports  154 Checking imports in 'api-ms-win-core-file-l1-1-0.dll'
0ef8 pe_info::iterate_imports  154 Checking imports in 'api-ms-win-core-string-l1-1-0.dll'
0ef8 pe_info::iterate_imports  154 Checking imports in 'api-ms-win-core-processenvironment-l1-1-0.dll'
0ef8 hook_iat                   81 Found import at 00007FF6F9853880 (value = 00007FFE1998A780)
0ef8 hook_iat                   53 Attempting to hook IAT for module 00007FFDD5B50000
0ef8 hook_iat                   54 Target is (null),GetEnvironmentVariableW (by_name=1)
0ef8 pe_info::iterate_imports  154 Checking imports in 'VERSION.dll'
0ef8 pe_info::iterate_imports  154 Checking imports in 'SHLWAPI.dll'
0ef8 pe_info::iterate_imports  154 Checking imports in 'RPCRT4.dll'
0ef8 pe_info::iterate_imports  154 Checking imports in 'dbghelp.dll'
0ef8 pe_info::iterate_imports  154 Checking imports in 'KERNEL32.dll'
0ef8 hook_iat                   81 Found import at 00007FFDD5C32200 (value = 00007FFE1AB1B620)
0ef8 hook_setter::commit        88 <<< Hook transaction committed.
0ef8 hook_iat                   53 Attempting to hook IAT for module 00007FF6F9820000
0ef8 hook_iat                   54 Target is (null),GetEnvironmentVariableW (by_name=1)
0ef8 pe_info::iterate_imports  154 Checking imports in 'msvcrt.dll'
0ef8 pe_info::iterate_imports  154 Checking imports in 'ntdll.dll'
0ef8 pe_info::iterate_imports  154 Checking imports in 'api-ms-win-core-kernel32-legacy-l1-1-0.dll'
0ef8 pe_info::iterate_imports  154 Checking imports in 'api-ms-win-core-libraryloader-l1-2-0.dll'
0ef8 pe_info::iterate_imports  154 Checking imports in 'api-ms-win-core-synch-l1-1-0.dll'
0ef8 pe_info::iterate_imports  154 Checking imports in 'api-ms-win-core-heap-l1-1-0.dll'
0ef8 pe_info::iterate_imports  154 Checking imports in 'api-ms-win-core-errorhandling-l1-1-0.dll'
0ef8 pe_info::iterate_imports  154 Checking imports in 'api-ms-win-core-processthreads-l1-1-0.dll'
0ef8 pe_info::iterate_imports  154 Checking imports in 'api-ms-win-core-localization-l1-2-0.dll'
0ef8 pe_info::iterate_imports  154 Checking imports in 'api-ms-win-core-debug-l1-1-0.dll'
0ef8 pe_info::iterate_imports  154 Checking imports in 'api-ms-win-core-handle-l1-1-0.dll'
0ef8 pe_info::iterate_imports  154 Checking imports in 'api-ms-win-core-memory-l1-1-0.dll'
0ef8 pe_info::iterate_imports  154 Checking imports in 'api-ms-win-core-console-l1-1-0.dll'
0ef8 pe_info::iterate_imports  154 Checking imports in 'api-ms-win-core-file-l1-1-0.dll'
0ef8 pe_info::iterate_imports  154 Checking imports in 'api-ms-win-core-string-l1-1-0.dll'
0ef8 pe_info::iterate_imports  154 Checking imports in 'api-ms-win-core-processenvironment-l1-1-0.dll'
0ef8 hook_iat                   81 Found import at 00007FF6F9853880 (value = 00007FFDD5B60D30)
0ef8 hook_setter::hook_setter   36 >>> Started hook transaction.
0ef8 hook_setter::add_detour   119 Attempting to hook ReadConsoleW in kernelbase.dll with 00007FFDD5B610C0.
0ef8 add_repair_iat_node       135 Attempting to hook IAT for module 00007FFDD5B50000.
0ef8 add_repair_iat_node       143 Target is ReadConsoleW (by name).
0ef8 pe_info::iterate_imports  154 Checking imports in 'VERSION.dll'
0ef8 pe_info::iterate_imports  154 Checking imports in 'SHLWAPI.dll'
0ef8 pe_info::iterate_imports  154 Checking imports in 'RPCRT4.dll'
0ef8 pe_info::iterate_imports  154 Checking imports in 'dbghelp.dll'
0ef8 pe_info::iterate_imports  154 Checking imports in 'KERNEL32.dll'
0ef8 add_repair_iat_node       168 Found import at 00007FFDD5C321F8 (value is 00007FFE1AB25370).
0ef8 hook_setter::commit        88 <<< Hook transaction committed.
0ef8 win_screen_buffer::begin  184 Using native terminal support; found 'conemuhk64.dll'.
0ef8 load_user_inputrc         312 Found Readline inputrc at 'C:\Users\kiddlu\.inputrc'
0ef8 load_user_inputrc         312 Found Readline inputrc at 'C:\Users\kiddlu\.inputrc'
0ef8 history_db::initialise   1061 master bank ctag: |CTAG_1621997046_2482484_9828_0
0ef8 history_db::compact      1231 History:  0 active, 0 deleted
0ef8 load_user_inputrc         312 Found Readline inputrc at 'C:\Users\kiddlu\.inputrc'
0ef8 load_user_inputrc         312 Found Readline inputrc at 'C:\Users\kiddlu\.inputrc'
0ef8 history_db::compact      1231 History:  1 active, 0 deleted
